<?xml version="1.0" encoding="UTF-8" standalone="no"?>
<testsuite failures="0" name="cucumber.runtime.formatter.JUnitFormatter" skipped="0" tests="6" time="34.545097">
<testcase classname="Free CRM Login Feature" name="Free CRM Login Test Scenario with datatable" time="7.270463">
<system-out><![CDATA[Given user is already on Login Page for "TestCase_1" with "1"...............passed
Then user enters username and password......................................passed
Then user clicks on login...................................................passed
]]></system-out>
</testcase>
<testcase classname="Free CRM Login Feature" name="Free CRM Login Test Scenario with datatable 2" time="0.138556">
<system-out><![CDATA[Given user is already on Login Page for "TestCase_1" with "2"...............passed
Then user enters username and password......................................passed
Then user clicks on login...................................................passed
]]></system-out>
</testcase>
<testcase classname="Free CRM Login Feature" name="Free CRM Login Test Scenario with datatable 3" time="10.186335">
<system-out><![CDATA[Given user is already on Login Page for "TestCase_1" with "3"...............passed
Then user enters username and password......................................passed
Then user clicks on login...................................................passed
]]></system-out>
</testcase>
<testcase classname="Free CRM Signup Feature" name="Free CRM Sign up Test Scenario with datatable" time="6.179496">
<system-out><![CDATA[Given user is in the home page "TestCase_2" with "1"........................passed
Then user enters email and phoneNumber......................................passed
Then user clicks on SignUp..................................................passed
]]></system-out>
</testcase>
<testcase classname="Free CRM Signup Feature" name="Free CRM Sign up Test Scenario with datatable 2" time="0.090604">
<system-out><![CDATA[Given user is in the home page "TestCase_2" with "2"........................passed
Then user enters email and phoneNumber......................................passed
Then user clicks on SignUp..................................................passed
]]></system-out>
</testcase>
<testcase classname="Free CRM Signup Feature" name="Free CRM Sign up Test Scenario with datatable 3" time="10.679643">
<system-out><![CDATA[Given user is in the home page "TestCase_2" with "3"........................passed
Then user enters email and phoneNumber......................................passed
Then user clicks on SignUp..................................................passed
]]></system-out>
</testcase>
</testsuite>
